mode: set
go-aws/cmd/main.go:11.13,18.2 5 0
go-aws/internal/conf/aws.go:11.48,13.16 2 0
go-aws/internal/conf/aws.go:13.16,15.3 1 0
go-aws/internal/conf/aws.go:16.2,16.13 1 0
go-aws/internal/repos/dynamo/dynamo.go:8.43,10.2 1 0
go-aws/internal/parsers/jsonparser.go:8.41,10.52 2 0
go-aws/internal/parsers/jsonparser.go:10.52,12.3 1 0
go-aws/internal/parsers/jsonparser.go:13.2,13.14 1 0
go-aws/internal/env/load.go:8.29,10.16 2 0
go-aws/internal/env/load.go:10.16,11.13 1 0
go-aws/internal/env/load.go:13.2,14.48 2 0
go-aws/internal/env/load.go:14.48,17.3 2 0
go-aws/internal/repos/ids/genid.go:10.37,14.2 3 0
go-aws/internal/services/cognito/cognito.go:58.61,59.19 1 0
go-aws/internal/services/cognito/cognito.go:59.19,61.17 2 0
go-aws/internal/services/cognito/cognito.go:61.17,62.14 1 0
go-aws/internal/services/cognito/cognito.go:64.3,64.16 1 0
go-aws/internal/services/cognito/cognito.go:68.87,76.16 2 0
go-aws/internal/services/cognito/cognito.go:76.16,78.3 1 0
go-aws/internal/services/cognito/cognito.go:79.2,79.31 1 0
go-aws/internal/services/cognito/cognito.go:82.93,89.16 2 0
go-aws/internal/services/cognito/cognito.go:89.16,91.3 1 0
go-aws/internal/services/cognito/cognito.go:92.2,92.18 1 0
go-aws/internal/services/cognito/cognito.go:95.97,102.16 3 0
go-aws/internal/services/cognito/cognito.go:102.16,104.3 1 0
go-aws/internal/services/cognito/cognito.go:105.2,105.46 1 0
go-aws/internal/services/cognito/cognito.go:105.46,107.17 2 0
go-aws/internal/services/cognito/cognito.go:107.17,109.4 1 0
go-aws/internal/services/cognito/cognito.go:110.3,110.33 1 0
go-aws/internal/services/cognito/cognito.go:112.2,112.63 1 0
go-aws/internal/services/cognito/cognito.go:115.99,121.16 2 0
go-aws/internal/services/cognito/cognito.go:121.16,123.3 1 0
go-aws/internal/services/cognito/cognito.go:124.2,124.26 1 0
go-aws/internal/services/cognito/cognito.go:127.77,129.16 2 0
go-aws/internal/services/cognito/cognito.go:129.16,130.13 1 0
go-aws/internal/services/cognito/cognito.go:132.2,132.75 1 0
go-aws/internal/services/cognito/cognito.go:138.67,149.2 3 0
go-aws/internal/services/cognito/cognito.go:151.86,155.2 3 0
go-aws/internal/services/cognito/cognito.go:157.42,160.2 2 0
go-aws/internal/services/cognito/initcognito.go:10.36,17.2 5 0
go-aws/internal/services/cognito/secureremotepassword.go:9.60,15.2 5 0
go-aws/internal/conf/aws.go:11.48,13.16 2 0
go-aws/internal/conf/aws.go:13.16,15.3 1 0
go-aws/internal/conf/aws.go:16.2,16.13 1 0
go-aws/internal/repos/dynamo/dynamo.go:8.43,10.2 1 0
go-aws/internal/repos/ids/genid.go:10.37,14.2 3 0
go-aws/internal/repos/users/init.go:10.49,16.2 4 0
go-aws/internal/repos/users/mapfuncs.go:12.90,14.16 2 1
go-aws/internal/repos/users/mapfuncs.go:14.16,17.3 2 0
go-aws/internal/repos/users/mapfuncs.go:18.2,19.16 2 1
go-aws/internal/repos/users/mapfuncs.go:22.96,25.16 3 0
go-aws/internal/repos/users/mapfuncs.go:25.16,27.3 1 0
go-aws/internal/repos/users/mapfuncs.go:28.2,28.19 1 0
go-aws/internal/repos/users/mapfuncs.go:31.74,35.2 1 1
go-aws/internal/repos/users/usersdb.go:34.53,36.2 1 1
go-aws/internal/repos/users/usersdb.go:38.72,41.16 3 1
go-aws/internal/repos/users/usersdb.go:41.16,43.3 1 0
go-aws/internal/repos/users/usersdb.go:44.2,48.12 2 1
go-aws/internal/repos/users/usersdb.go:51.85,55.16 2 1
go-aws/internal/repos/users/usersdb.go:55.16,57.3 1 1
go-aws/internal/repos/users/usersdb.go:58.2,58.21 1 0
go-aws/internal/repos/users/usersdb.go:58.21,60.3 1 0
go-aws/internal/repos/users/usersdb.go:61.2,62.16 2 0
go-aws/internal/repos/users/usersdb.go:62.16,64.3 1 0
go-aws/internal/repos/users/usersdb.go:65.2,65.18 1 0
go-aws/internal/repos/users/usersdb.go:68.73,71.16 2 1
go-aws/internal/repos/users/usersdb.go:71.16,73.3 1 1
go-aws/internal/repos/users/usersdb.go:74.2,74.12 1 0
go-aws/internal/conf/aws.go:11.48,13.16 2 0
go-aws/internal/conf/aws.go:13.16,15.3 1 0
go-aws/internal/conf/aws.go:16.2,16.13 1 0
go-aws/internal/controllers/responses.go:9.54,12.2 2 1
go-aws/internal/controllers/responses.go:14.54,19.2 4 1
go-aws/internal/controllers/responses.go:21.54,26.2 4 1
go-aws/internal/controllers/users.go:16.62,18.2 1 1
go-aws/internal/controllers/users.go:20.75,23.16 3 1
go-aws/internal/controllers/users.go:23.16,26.3 2 1
go-aws/internal/controllers/users.go:27.2,27.26 1 1
go-aws/internal/controllers/users.go:30.75,32.16 2 1
go-aws/internal/controllers/users.go:32.16,35.3 2 1
go-aws/internal/controllers/users.go:36.2,37.16 2 1
go-aws/internal/controllers/users.go:37.16,40.3 2 1
go-aws/internal/controllers/users.go:41.2,41.66 1 1
go-aws/internal/controllers/users.go:44.32,47.2 2 1
go-aws/internal/controllers/users.go:49.63,52.16 3 1
go-aws/internal/controllers/users.go:52.16,54.3 1 1
go-aws/internal/controllers/users.go:55.2,56.16 2 1
go-aws/internal/controllers/users.go:56.16,58.3 1 1
go-aws/internal/controllers/users.go:59.2,59.24 1 1
go-aws/internal/controllers/users.go:62.55,65.16 3 1
go-aws/internal/controllers/users.go:65.16,67.3 1 1
go-aws/internal/controllers/users.go:68.2,68.19 1 1
go-aws/internal/parsers/jsonparser.go:8.41,10.52 2 1
go-aws/internal/parsers/jsonparser.go:10.52,12.3 1 0
go-aws/internal/parsers/jsonparser.go:13.2,13.14 1 1
go-aws/internal/repos/dynamo/dynamo.go:8.43,10.2 1 0
go-aws/internal/repos/ids/genid.go:10.37,14.2 3 0
go-aws/internal/temporal/datetime.go:10.53,21.34 3 1
go-aws/internal/temporal/datetime.go:21.34,23.3 1 1
go-aws/internal/temporal/datetime.go:24.2,24.16 1 1
go-aws/internal/temporal/datetime.go:24.16,26.3 1 1
go-aws/internal/temporal/datetime.go:26.8,28.3 1 1
go-aws/internal/temporal/datetime.go:29.2,29.11 1 1
go-aws/internal/temporal/datetime.go:32.54,36.17 3 1
go-aws/internal/temporal/datetime.go:36.17,38.3 1 1
go-aws/internal/temporal/datetime.go:39.2,39.19 1 1
go-aws/internal/temporal/datetime.go:39.19,41.3 1 1
go-aws/internal/temporal/datetime.go:42.2,42.39 1 1
go-aws/internal/temporal/datetime.go:45.76,56.2 1 1
go-aws/internal/temporal/datetime.go:58.38,61.16 3 1
go-aws/internal/temporal/datetime.go:61.16,63.3 1 1
go-aws/internal/temporal/datetime.go:64.2,66.15 3 1
go-aws/internal/conf/aws.go:11.48,13.16 2 1
go-aws/internal/conf/aws.go:13.16,15.3 1 0
go-aws/internal/conf/aws.go:16.2,16.13 1 1
go-aws/internal/repos/dynamo/dynamo.go:8.43,10.2 1 1
go-aws/internal/repos/ids/genid.go:10.37,14.2 3 0
go-aws/internal/server/server.go:23.26,32.2 7 1
go-aws/internal/server/server.go:34.64,41.2 2 1
go-aws/internal/server/server.go:43.24,46.67 3 1
go-aws/internal/server/server.go:46.67,48.3 1 0
go-aws/internal/server/server.go:51.69,53.2 1 1
